2020-11-08 01:10:51 [main] tpid- ERROR o.s.b.SpringApplication:837 - Application run failed
java.lang.IllegalStateException: Logback configuration error detected: 
ERROR in ch.qos.logback.core.joran.action.NestedComplexPropertyIA - Could not create component [encoder] of type [net.logstash.logback.encoder.LoggingEventCompositeJsonEncoder] java.lang.ClassNotFoundException: net.logstash.logback.encoder.LoggingEventCompositeJsonEncoder
ERROR in ch.qos.logback.core.joran.spi.Interpreter@23:24 - no applicable action for [providers], current ElementPath  is [[configuration][appender][encoder][providers]]
ERROR in ch.qos.logback.core.joran.spi.Interpreter@24:28 - no applicable action for [timestamp], current ElementPath  is [[configuration][appender][encoder][providers][timestamp]]
ERROR in ch.qos.logback.core.joran.spi.Interpreter@25:32 - no applicable action for [fieldName], current ElementPath  is [[configuration][appender][encoder][providers][timestamp][fieldName]]
ERROR in ch.qos.logback.core.joran.spi.Interpreter@26:31 - no applicable action for [timeZone], current ElementPath  is [[configuration][appender][encoder][providers][timestamp][timeZone]]
ERROR in ch.qos.logback.core.joran.spi.Interpreter@27:30 - no applicable action for [pattern], current ElementPath  is [[configuration][appender][encoder][providers][timestamp][pattern]]
ERROR in ch.qos.logback.core.joran.spi.Interpreter@29:29 - no applicable action for [callerData], current ElementPath  is [[configuration][appender][encoder][providers][callerData]]
ERROR in ch.qos.logback.core.joran.spi.Interpreter@30:37 - no applicable action for [classFieldName], current ElementPath  is [[configuration][appender][encoder][providers][callerData][classFieldName]]
ERROR in ch.qos.logback.core.joran.spi.Interpreter@31:38 - no applicable action for [methodFieldName], current ElementPath  is [[configuration][appender][encoder][providers][callerData][methodFieldName]]
ERROR in ch.qos.logback.core.joran.spi.Interpreter@32:36 - no applicable action for [fileFieldName], current ElementPath  is [[configuration][appender][encoder][providers][callerData][fileFieldName]]
ERROR in ch.qos.logback.core.joran.spi.Interpreter@33:36 - no applicable action for [lineFieldName], current ElementPath  is [[configuration][appender][encoder][providers][callerData][lineFieldName]]
ERROR in ch.qos.logback.core.joran.spi.Interpreter@35:29 - no applicable action for [threadName], current ElementPath  is [[configuration][appender][encoder][providers][threadName]]
ERROR in ch.qos.logback.core.joran.spi.Interpreter@36:32 - no applicable action for [fieldName], current ElementPath  is [[configuration][appender][encoder][providers][threadName][fieldName]]
ERROR in ch.qos.logback.core.joran.spi.Interpreter@38:29 - no applicable action for [loggerName], current ElementPath  is [[configuration][appender][encoder][providers][loggerName]]
ERROR in ch.qos.logback.core.joran.spi.Interpreter@39:32 - no applicable action for [fieldName], current ElementPath  is [[configuration][appender][encoder][providers][loggerName][fieldName]]
ERROR in ch.qos.logback.core.joran.spi.Interpreter@41:27 - no applicable action for [logLevel], current ElementPath  is [[configuration][appender][encoder][providers][logLevel]]
ERROR in ch.qos.logback.core.joran.spi.Interpreter@42:32 - no applicable action for [fieldName], current ElementPath  is [[configuration][appender][encoder][providers][logLevel][fieldName]]
ERROR in ch.qos.logback.core.joran.spi.Interpreter@44:27 - no applicable action for [message], current ElementPath  is [[configuration][appender][encoder][providers][message]]
ERROR in ch.qos.logback.core.joran.spi.Interpreter@45:23 - no applicable action for [mdc], current ElementPath  is [[configuration][appender][encoder][providers][mdc]]
ERROR in ch.qos.logback.core.joran.spi.Interpreter@46:30 - no applicable action for [stackTrace], current ElementPath  is [[configuration][appender][encoder][providers][stackTrace]]
ERROR in ch.qos.logback.core.rolling.RollingFileAppender[DEFAULT_FILE_APPENDER_JSON] - No encoder set for the appender named "DEFAULT_FILE_APPENDER_JSON".
	at org.springframework.boot.logging.logback.LogbackLoggingSystem.loadConfiguration(LogbackLoggingSystem.java:169)
	at org.springframework.boot.logging.AbstractLoggingSystem.initializeWithConventions(AbstractLoggingSystem.java:80)
	at org.springframework.boot.logging.AbstractLoggingSystem.initialize(AbstractLoggingSystem.java:60)
	at org.springframework.boot.logging.logback.LogbackLoggingSystem.initialize(LogbackLoggingSystem.java:118)
	at org.springframework.boot.context.logging.LoggingApplicationListener.initializeSystem(LoggingApplicationListener.java:306)
	at org.springframework.boot.context.logging.LoggingApplicationListener.initialize(LoggingApplicationListener.java:281)
	at org.springframework.boot.context.logging.LoggingApplicationListener.onApplicationEnvironmentPreparedEvent(LoggingApplicationListener.java:239)
	at org.springframework.boot.context.logging.LoggingApplicationListener.onApplicationEvent(LoggingApplicationListener.java:216)
	at org.springframework.context.event.SimpleApplicationEventMulticaster.doInvokeListener(SimpleApplicationEventMulticaster.java:172)
	at org.springframework.context.event.SimpleApplicationEventMulticaster.invokeListener(SimpleApplicationEventMulticaster.java:165)
	at org.springframework.context.event.SimpleApplicationEventMulticaster.multicastEvent(SimpleApplicationEventMulticaster.java:139)
	at org.springframework.context.event.SimpleApplicationEventMulticaster.multicastEvent(SimpleApplicationEventMulticaster.java:127)
	at org.springframework.boot.context.event.EventPublishingRunListener.environmentPrepared(EventPublishingRunListener.java:80)
	at org.springframework.boot.SpringApplicationRunListeners.environmentPrepared(SpringApplicationRunListeners.java:53)
	at org.springframework.boot.SpringApplication.prepareEnvironment(SpringApplication.java:345)
	at org.springframework.boot.SpringApplication.run(SpringApplication.java:308)
	at org.springframework.boot.SpringApplication.run(SpringApplication.java:1237)
	at org.springframework.boot.SpringApplication.run(SpringApplication.java:1226)
	at com.service.pricecomparision.PricecomparisionApplication.main(PricecomparisionApplication.java:10)
2020-11-08 01:11:48 [main] tpid- ERROR o.s.b.SpringApplication:837 - Application run failed
java.lang.IllegalStateException: Logback configuration error detected: 
ERROR in ch.qos.logback.core.joran.action.NestedComplexPropertyIA - Could not create component [encoder] of type [net.logstash.logback.encoder.LoggingEventCompositeJsonEncoder] java.lang.ClassNotFoundException: net.logstash.logback.encoder.LoggingEventCompositeJsonEncoder
ERROR in ch.qos.logback.core.joran.spi.Interpreter@23:24 - no applicable action for [providers], current ElementPath  is [[configuration][appender][encoder][providers]]
ERROR in ch.qos.logback.core.joran.spi.Interpreter@24:30 - no applicable action for [stackTrace], current ElementPath  is [[configuration][appender][encoder][providers][stackTrace]]
ERROR in ch.qos.logback.core.rolling.RollingFileAppender[DEFAULT_FILE_APPENDER_JSON] - No encoder set for the appender named "DEFAULT_FILE_APPENDER_JSON".
	at org.springframework.boot.logging.logback.LogbackLoggingSystem.loadConfiguration(LogbackLoggingSystem.java:169)
	at org.springframework.boot.logging.AbstractLoggingSystem.initializeWithConventions(AbstractLoggingSystem.java:80)
	at org.springframework.boot.logging.AbstractLoggingSystem.initialize(AbstractLoggingSystem.java:60)
	at org.springframework.boot.logging.logback.LogbackLoggingSystem.initialize(LogbackLoggingSystem.java:118)
	at org.springframework.boot.context.logging.LoggingApplicationListener.initializeSystem(LoggingApplicationListener.java:306)
	at org.springframework.boot.context.logging.LoggingApplicationListener.initialize(LoggingApplicationListener.java:281)
	at org.springframework.boot.context.logging.LoggingApplicationListener.onApplicationEnvironmentPreparedEvent(LoggingApplicationListener.java:239)
	at org.springframework.boot.context.logging.LoggingApplicationListener.onApplicationEvent(LoggingApplicationListener.java:216)
	at org.springframework.context.event.SimpleApplicationEventMulticaster.doInvokeListener(SimpleApplicationEventMulticaster.java:172)
	at org.springframework.context.event.SimpleApplicationEventMulticaster.invokeListener(SimpleApplicationEventMulticaster.java:165)
	at org.springframework.context.event.SimpleApplicationEventMulticaster.multicastEvent(SimpleApplicationEventMulticaster.java:139)
	at org.springframework.context.event.SimpleApplicationEventMulticaster.multicastEvent(SimpleApplicationEventMulticaster.java:127)
	at org.springframework.boot.context.event.EventPublishingRunListener.environmentPrepared(EventPublishingRunListener.java:80)
	at org.springframework.boot.SpringApplicationRunListeners.environmentPrepared(SpringApplicationRunListeners.java:53)
	at org.springframework.boot.SpringApplication.prepareEnvironment(SpringApplication.java:345)
	at org.springframework.boot.SpringApplication.run(SpringApplication.java:308)
	at org.springframework.boot.SpringApplication.run(SpringApplication.java:1237)
	at org.springframework.boot.SpringApplication.run(SpringApplication.java:1226)
	at com.service.pricecomparision.PricecomparisionApplication.main(PricecomparisionApplication.java:10)
